\BOOKMARK [1][-]{section*.2}{\376\377\000I\000n\000t\000r\000o\000d\000u\000c\000t\000i\000o\000n}{}% 1
\BOOKMARK [2][-]{section*.3}{\376\377\000T\000h\000e\000\040\000I\000n\000t\000e\000r\000o\000c\000e\000p\000t\000i\000v\000e\000\040\000A\000s\000s\000e\000s\000s\000m\000e\000n\000t\000\040\000P\000u\000z\000z\000l\000e}{section*.2}% 2
\BOOKMARK [2][-]{section*.5}{\376\377\000T\000h\000e\000\040\000I\000n\000t\000e\000r\000o\000c\000e\000p\000t\000i\000v\000e\000\040\000A\000c\000c\000u\000r\000a\000c\000y\000\040\000S\000c\000a\000l\000e\000\040\000\050\000I\000A\000S\000\051}{section*.2}% 3
\BOOKMARK [1][-]{section*.6}{\376\377\000S\000t\000u\000d\000y\000\040\0001}{}% 4
\BOOKMARK [2][-]{section*.7}{\376\377\000M\000e\000t\000h\000o\000d\000s}{section*.6}% 5
\BOOKMARK [3][-]{section*.8}{\376\377\000D\000a\000t\000a\000s\000e\000t\000s}{section*.7}% 6
\BOOKMARK [3][-]{section*.10}{\376\377\000D\000a\000t\000a\000\040\000A\000n\000a\000l\000y\000s\000i\000s}{section*.7}% 7
\BOOKMARK [2][-]{section*.11}{\376\377\000R\000e\000s\000u\000l\000t\000s}{section*.6}% 8
\BOOKMARK [2][-]{section*.14}{\376\377\000D\000i\000s\000c\000u\000s\000s\000i\000o\000n}{section*.6}% 9
\BOOKMARK [1][-]{section*.15}{\376\377\000S\000t\000u\000d\000y\000\040\0002}{}% 10
\BOOKMARK [2][-]{section*.16}{\376\377\000S\000t\000u\000d\000y\000\040\0002}{section*.15}% 11
\BOOKMARK [2][-]{section*.17}{\376\377\000M\000e\000t\000h\000o\000d\000s}{section*.15}% 12
\BOOKMARK [3][-]{section*.18}{\376\377\000M\000a\000t\000e\000r\000i\000a\000l\000s}{section*.17}% 13
\BOOKMARK [3][-]{section*.24}{\376\377\000D\000a\000t\000a\000\040\000A\000n\000a\000l\000y\000s\000i\000s}{section*.17}% 14
\BOOKMARK [2][-]{section*.25}{\376\377\000R\000e\000s\000u\000l\000t\000s}{section*.15}% 15
\BOOKMARK [2][-]{section*.26}{\376\377\000D\000i\000s\000c\000u\000s\000s\000i\000o\000n}{section*.15}% 16
\BOOKMARK [1][-]{section*.27}{\376\377\000G\000e\000n\000e\000r\000a\000l\000\040\000D\000i\000s\000c\000u\000s\000s\000i\000o\000n}{}% 17
\BOOKMARK [1][-]{section*.28}{\376\377\000L\000i\000m\000i\000t\000a\000t\000i\000o\000n\000s\000\040\000a\000n\000d\000\040\000F\000u\000t\000u\000r\000e\000\040\000D\000i\000r\000e\000c\000t\000i\000o\000n\000s}{}% 18
\BOOKMARK [1][-]{section*.29}{\376\377\000C\000o\000n\000c\000l\000u\000s\000i\000o\000n}{}% 19
\BOOKMARK [1][-]{section*.30}{\376\377\000R\000e\000f\000e\000r\000e\000n\000c\000e\000s}{}% 20
